{"D:\\Playground\\TA\\BE\\ta-loans-service\\src\\config\\index.js": {"path":"D:\\Playground\\TA\\BE\\ta-loans-service\\src\\config\\index.js","statementMap":{"0":{"start":{"line":7,"column":0},"end":{"line":7,"column":16}},"1":{"start":{"line":16,"column":4},"end":{"line":16,"column":15}},"2":{"start":{"line":18,"column":15},"end":{"line":37,"column":1}}},"fnMap":{},"branchMap":{},"s":{"0":1,"1":1,"2":1},"f":{},"b":{},"_coverageSchema":"1a1c01bbd47fc00a2c39e90264f33305004495a9","hash":"afd47aefafb264feacf3b2febd5bf2954e0cfa45"}
,"D:\\Playground\\TA\\BE\\ta-loans-service\\src\\database\\models\\loans.models.js": {"path":"D:\\Playground\\TA\\BE\\ta-loans-service\\src\\database\\models\\loans.models.js","statementMap":{"0":{"start":{"line":12,"column":22},"end":{"line":23,"column":1}},"1":{"start":{"line":25,"column":15},"end":{"line":25,"column":30}},"2":{"start":{"line":27,"column":15},"end":{"line":63,"column":1}},"3":{"start":{"line":65,"column":0},"end":{"line":69,"column":3}}},"fnMap":{},"branchMap":{},"s":{"0":1,"1":1,"2":1,"3":1},"f":{},"b":{},"_coverageSchema":"1a1c01bbd47fc00a2c39e90264f33305004495a9","hash":"1c0d19bfd456a03ab61e50742f8e13100a5ba9aa"}
,"D:\\Playground\\TA\\BE\\ta-loans-service\\src\\database\\repository\\loans.repo.js": {"path":"D:\\Playground\\TA\\BE\\ta-loans-service\\src\\database\\repository\\loans.repo.js","statementMap":{"0":{"start":{"line":5,"column":8},"end":{"line":5,"column":33}},"1":{"start":{"line":20,"column":8},"end":{"line":82,"column":9}},"2":{"start":{"line":21,"column":25},"end":{"line":27,"column":13}},"3":{"start":{"line":28,"column":12},"end":{"line":30,"column":13}},"4":{"start":{"line":28,"column":25},"end":{"line":28,"column":26}},"5":{"start":{"line":29,"column":16},"end":{"line":29,"column":59}},"6":{"start":{"line":32,"column":30},"end":{"line":32,"column":54}},"7":{"start":{"line":33,"column":12},"end":{"line":79,"column":24}},"8":{"start":{"line":81,"column":12},"end":{"line":81,"column":24}},"9":{"start":{"line":92,"column":8},"end":{"line":148,"column":9}},"10":{"start":{"line":93,"column":37},"end":{"line":96,"column":13}},"11":{"start":{"line":97,"column":30},"end":{"line":97,"column":54}},"12":{"start":{"line":98,"column":12},"end":{"line":145,"column":24}},"13":{"start":{"line":147,"column":12},"end":{"line":147,"column":24}}},"fnMap":{"0":{"name":"(anonymous_0)","decl":{"start":{"line":4,"column":4},"end":{"line":4,"column":5}},"loc":{"start":{"line":4,"column":18},"end":{"line":6,"column":5}},"line":4},"1":{"name":"(anonymous_1)","decl":{"start":{"line":12,"column":4},"end":{"line":12,"column":5}},"loc":{"start":{"line":19,"column":6},"end":{"line":83,"column":5}},"line":19},"2":{"name":"(anonymous_2)","decl":{"start":{"line":85,"column":4},"end":{"line":85,"column":5}},"loc":{"start":{"line":91,"column":6},"end":{"line":149,"column":5}},"line":91}},"branchMap":{"0":{"loc":{"start":{"line":14,"column":8},"end":{"line":14,"column":30}},"type":"default-arg","locations":[{"start":{"line":14,"column":28},"end":{"line":14,"column":30}}],"line":14},"1":{"loc":{"start":{"line":15,"column":8},"end":{"line":15,"column":16}},"type":"default-arg","locations":[{"start":{"line":15,"column":15},"end":{"line":15,"column":16}}],"line":15},"2":{"loc":{"start":{"line":16,"column":8},"end":{"line":16,"column":18}},"type":"default-arg","locations":[{"start":{"line":16,"column":16},"end":{"line":16,"column":18}}],"line":16},"3":{"loc":{"start":{"line":17,"column":8},"end":{"line":17,"column":28}},"type":"default-arg","locations":[{"start":{"line":17,"column":15},"end":{"line":17,"column":28}}],"line":17},"4":{"loc":{"start":{"line":18,"column":8},"end":{"line":18,"column":22}},"type":"default-arg","locations":[{"start":{"line":18,"column":16},"end":{"line":18,"column":22}}],"line":18},"5":{"loc":{"start":{"line":32,"column":30},"end":{"line":32,"column":54}},"type":"cond-expr","locations":[{"start":{"line":32,"column":48},"end":{"line":32,"column":49}},{"start":{"line":32,"column":52},"end":{"line":32,"column":54}}],"line":32},"6":{"loc":{"start":{"line":87,"column":8},"end":{"line":87,"column":16}},"type":"default-arg","locations":[{"start":{"line":87,"column":15},"end":{"line":87,"column":16}}],"line":87},"7":{"loc":{"start":{"line":88,"column":8},"end":{"line":88,"column":18}},"type":"default-arg","locations":[{"start":{"line":88,"column":16},"end":{"line":88,"column":18}}],"line":88},"8":{"loc":{"start":{"line":89,"column":8},"end":{"line":89,"column":28}},"type":"default-arg","locations":[{"start":{"line":89,"column":15},"end":{"line":89,"column":28}}],"line":89},"9":{"loc":{"start":{"line":90,"column":8},"end":{"line":90,"column":22}},"type":"default-arg","locations":[{"start":{"line":90,"column":16},"end":{"line":90,"column":22}}],"line":90},"10":{"loc":{"start":{"line":97,"column":30},"end":{"line":97,"column":54}},"type":"cond-expr","locations":[{"start":{"line":97,"column":48},"end":{"line":97,"column":49}},{"start":{"line":97,"column":52},"end":{"line":97,"column":54}}],"line":97}},"s":{"0":3,"1":1,"2":1,"3":1,"4":1,"5":9,"6":1,"7":1,"8":0,"9":2,"10":2,"11":2,"12":2,"13":0},"f":{"0":3,"1":1,"2":2},"b":{"0":[0],"1":[0],"2":[0],"3":[0],"4":[0],"5":[1,0],"6":[0],"7":[0],"8":[0],"9":[0],"10":[2,0]},"_coverageSchema":"1a1c01bbd47fc00a2c39e90264f33305004495a9","hash":"46bf7fde5bb44b68579d63993387a243fde3f646"}
,"D:\\Playground\\TA\\BE\\ta-loans-service\\src\\services\\getAvailableLoans.js": {"path":"D:\\Playground\\TA\\BE\\ta-loans-service\\src\\services\\getAvailableLoans.js","statementMap":{"0":{"start":{"line":7,"column":4},"end":{"line":141,"column":5}},"1":{"start":{"line":8,"column":46},"end":{"line":8,"column":53}},"2":{"start":{"line":9,"column":8},"end":{"line":9,"column":35}},"3":{"start":{"line":10,"column":8},"end":{"line":10,"column":38}},"4":{"start":{"line":11,"column":8},"end":{"line":11,"column":37}},"5":{"start":{"line":12,"column":8},"end":{"line":12,"column":31}},"6":{"start":{"line":13,"column":8},"end":{"line":13,"column":22}},"7":{"start":{"line":15,"column":26},"end":{"line":15,"column":46}},"8":{"start":{"line":17,"column":23},"end":{"line":17,"column":73}},"9":{"start":{"line":19,"column":8},"end":{"line":68,"column":9}},"10":{"start":{"line":20,"column":12},"end":{"line":20,"column":51}},"11":{"start":{"line":21,"column":32},"end":{"line":21,"column":56}},"12":{"start":{"line":22,"column":12},"end":{"line":32,"column":13}},"13":{"start":{"line":23,"column":16},"end":{"line":23,"column":46}},"14":{"start":{"line":24,"column":16},"end":{"line":31,"column":18}},"15":{"start":{"line":33,"column":32},"end":{"line":33,"column":77}},"16":{"start":{"line":34,"column":40},"end":{"line":54,"column":14}},"17":{"start":{"line":56,"column":12},"end":{"line":56,"column":36}},"18":{"start":{"line":57,"column":12},"end":{"line":57,"column":54}},"19":{"start":{"line":59,"column":12},"end":{"line":67,"column":14}},"20":{"start":{"line":72,"column":28},"end":{"line":72,"column":52}},"21":{"start":{"line":73,"column":8},"end":{"line":83,"column":9}},"22":{"start":{"line":74,"column":12},"end":{"line":74,"column":42}},"23":{"start":{"line":75,"column":12},"end":{"line":82,"column":14}},"24":{"start":{"line":99,"column":33},"end":{"line":102,"column":9}},"25":{"start":{"line":103,"column":36},"end":{"line":125,"column":10}},"26":{"start":{"line":126,"column":8},"end":{"line":126,"column":36}},"27":{"start":{"line":128,"column":8},"end":{"line":128,"column":32}},"28":{"start":{"line":129,"column":8},"end":{"line":129,"column":50}},"29":{"start":{"line":131,"column":8},"end":{"line":138,"column":10}},"30":{"start":{"line":140,"column":8},"end":{"line":140,"column":20}}},"fnMap":{"0":{"name":"(anonymous_0)","decl":{"start":{"line":6,"column":15},"end":{"line":6,"column":16}},"loc":{"start":{"line":6,"column":34},"end":{"line":142,"column":1}},"line":6}},"branchMap":{"0":{"loc":{"start":{"line":9,"column":15},"end":{"line":9,"column":34}},"type":"binary-expr","locations":[{"start":{"line":9,"column":15},"end":{"line":9,"column":29}},{"start":{"line":9,"column":33},"end":{"line":9,"column":34}}],"line":9},"1":{"loc":{"start":{"line":10,"column":16},"end":{"line":10,"column":37}},"type":"binary-expr","locations":[{"start":{"line":10,"column":16},"end":{"line":10,"column":31}},{"start":{"line":10,"column":35},"end":{"line":10,"column":37}}],"line":10},"2":{"loc":{"start":{"line":11,"column":15},"end":{"line":11,"column":36}},"type":"binary-expr","locations":[{"start":{"line":11,"column":15},"end":{"line":11,"column":19}},{"start":{"line":11,"column":23},"end":{"line":11,"column":36}}],"line":11},"3":{"loc":{"start":{"line":12,"column":16},"end":{"line":12,"column":30}},"type":"binary-expr","locations":[{"start":{"line":12,"column":16},"end":{"line":12,"column":21}},{"start":{"line":12,"column":25},"end":{"line":12,"column":30}}],"line":12},"4":{"loc":{"start":{"line":19,"column":8},"end":{"line":68,"column":9}},"type":"if","locations":[{"start":{"line":19,"column":8},"end":{"line":68,"column":9}},{"start":{},"end":{}}],"line":19},"5":{"loc":{"start":{"line":22,"column":12},"end":{"line":32,"column":13}},"type":"if","locations":[{"start":{"line":22,"column":12},"end":{"line":32,"column":13}},{"start":{},"end":{}}],"line":22},"6":{"loc":{"start":{"line":73,"column":8},"end":{"line":83,"column":9}},"type":"if","locations":[{"start":{"line":73,"column":8},"end":{"line":83,"column":9}},{"start":{},"end":{}}],"line":73}},"s":{"0":3,"1":3,"2":3,"3":3,"4":3,"5":3,"6":3,"7":3,"8":3,"9":3,"10":2,"11":2,"12":2,"13":0,"14":0,"15":2,"16":2,"17":2,"18":2,"19":2,"20":1,"21":1,"22":0,"23":0,"24":1,"25":1,"26":1,"27":1,"28":1,"29":1,"30":0},"f":{"0":3},"b":{"0":[3,3],"1":[3,3],"2":[3,3],"3":[3,3],"4":[2,1],"5":[0,2],"6":[0,1]},"_coverageSchema":"1a1c01bbd47fc00a2c39e90264f33305004495a9","hash":"d003c3dd6a8fa68552b4a4650231604201a6d06e"}
,"D:\\Playground\\TA\\BE\\ta-loans-service\\src\\tests\\setup\\db.js": {"path":"D:\\Playground\\TA\\BE\\ta-loans-service\\src\\tests\\setup\\db.js","statementMap":{"0":{"start":{"line":5,"column":0},"end":{"line":5,"column":34}},"1":{"start":{"line":9,"column":13},"end":{"line":12,"column":1}},"2":{"start":{"line":15,"column":14},"end":{"line":22,"column":1}},"3":{"start":{"line":16,"column":4},"end":{"line":18,"column":5}},"4":{"start":{"line":17,"column":8},"end":{"line":17,"column":55}},"5":{"start":{"line":19,"column":19},"end":{"line":19,"column":72}},"6":{"start":{"line":20,"column":15},"end":{"line":20,"column":57}},"7":{"start":{"line":21,"column":4},"end":{"line":21,"column":14}},"8":{"start":{"line":24,"column":16},"end":{"line":38,"column":1}},"9":{"start":{"line":25,"column":4},"end":{"line":37,"column":5}},"10":{"start":{"line":26,"column":8},"end":{"line":26,"column":34}},"11":{"start":{"line":27,"column":8},"end":{"line":27,"column":36}},"12":{"start":{"line":29,"column":8},"end":{"line":29,"column":55}},"13":{"start":{"line":33,"column":25},"end":{"line":33,"column":51}},"14":{"start":{"line":34,"column":8},"end":{"line":34,"column":47}},"15":{"start":{"line":36,"column":8},"end":{"line":36,"column":36}},"16":{"start":{"line":40,"column":14},"end":{"line":43,"column":1}},"17":{"start":{"line":41,"column":4},"end":{"line":41,"column":32}},"18":{"start":{"line":42,"column":4},"end":{"line":42,"column":29}},"19":{"start":{"line":45,"column":14},"end":{"line":52,"column":1}},"20":{"start":{"line":46,"column":28},"end":{"line":46,"column":47}},"21":{"start":{"line":48,"column":4},"end":{"line":51,"column":5}},"22":{"start":{"line":49,"column":27},"end":{"line":49,"column":43}},"23":{"start":{"line":50,"column":8},"end":{"line":50,"column":40}}},"fnMap":{"0":{"name":"(anonymous_0)","decl":{"start":{"line":15,"column":14},"end":{"line":15,"column":15}},"loc":{"start":{"line":15,"column":26},"end":{"line":22,"column":1}},"line":15},"1":{"name":"(anonymous_1)","decl":{"start":{"line":24,"column":16},"end":{"line":24,"column":17}},"loc":{"start":{"line":24,"column":28},"end":{"line":38,"column":1}},"line":24},"2":{"name":"(anonymous_2)","decl":{"start":{"line":40,"column":14},"end":{"line":40,"column":15}},"loc":{"start":{"line":40,"column":26},"end":{"line":43,"column":1}},"line":40},"3":{"name":"(anonymous_3)","decl":{"start":{"line":45,"column":14},"end":{"line":45,"column":15}},"loc":{"start":{"line":45,"column":26},"end":{"line":52,"column":1}},"line":45}},"branchMap":{"0":{"loc":{"start":{"line":16,"column":4},"end":{"line":18,"column":5}},"type":"if","locations":[{"start":{"line":16,"column":4},"end":{"line":18,"column":5}},{"start":{},"end":{}}],"line":16}},"s":{"0":1,"1":1,"2":1,"3":1,"4":0,"5":1,"6":1,"7":1,"8":1,"9":1,"10":1,"11":1,"12":1,"13":1,"14":1,"15":0,"16":1,"17":1,"18":1,"19":1,"20":1,"21":1,"22":1,"23":1},"f":{"0":1,"1":1,"2":1,"3":1},"b":{"0":[0,1]},"_coverageSchema":"1a1c01bbd47fc00a2c39e90264f33305004495a9","hash":"dcd27090b5cc7ce628742258dc1a8d689973a22c"}
,"D:\\Playground\\TA\\BE\\ta-loans-service\\src\\tests\\setup\\seeds\\loans.seed.js": {"path":"D:\\Playground\\TA\\BE\\ta-loans-service\\src\\tests\\setup\\seeds\\loans.seed.js","statementMap":{"0":{"start":{"line":3,"column":17},"end":{"line":3,"column":40}}},"fnMap":{},"branchMap":{},"s":{"0":1},"f":{},"b":{},"_coverageSchema":"1a1c01bbd47fc00a2c39e90264f33305004495a9","hash":"c0c444629c8418299319ef0fa2258cadb32fe720"}
,"D:\\Playground\\TA\\BE\\ta-loans-service\\src\\tests\\setup\\seeds\\users.seed.js": {"path":"D:\\Playground\\TA\\BE\\ta-loans-service\\src\\tests\\setup\\seeds\\users.seed.js","statementMap":{"0":{"start":{"line":2,"column":17},"end":{"line":2,"column":40}}},"fnMap":{},"branchMap":{},"s":{"0":1},"f":{},"b":{},"_coverageSchema":"1a1c01bbd47fc00a2c39e90264f33305004495a9","hash":"c17d12ac28d1aa35d7f31f179b26cb6f00b4c36d"}
,"D:\\Playground\\TA\\BE\\ta-loans-service\\src\\utils\\redis.js": {"path":"D:\\Playground\\TA\\BE\\ta-loans-service\\src\\utils\\redis.js","statementMap":{"0":{"start":{"line":3,"column":20},"end":{"line":17,"column":1}},"1":{"start":{"line":4,"column":4},"end":{"line":16,"column":5}},"2":{"start":{"line":5,"column":23},"end":{"line":5,"column":43}},"3":{"start":{"line":7,"column":8},"end":{"line":11,"column":11}},"4":{"start":{"line":8,"column":12},"end":{"line":8,"column":51}},"5":{"start":{"line":9,"column":12},"end":{"line":9,"column":36}},"6":{"start":{"line":12,"column":8},"end":{"line":12,"column":22}},"7":{"start":{"line":14,"column":8},"end":{"line":14,"column":42}},"8":{"start":{"line":15,"column":8},"end":{"line":15,"column":20}},"9":{"start":{"line":19,"column":24},"end":{"line":24,"column":1}},"10":{"start":{"line":20,"column":4},"end":{"line":20,"column":38}},"11":{"start":{"line":21,"column":24},"end":{"line":21,"column":62}},"12":{"start":{"line":22,"column":4},"end":{"line":22,"column":58}},"13":{"start":{"line":22,"column":21},"end":{"line":22,"column":58}},"14":{"start":{"line":23,"column":4},"end":{"line":23,"column":17}},"15":{"start":{"line":28,"column":24},"end":{"line":36,"column":1}},"16":{"start":{"line":29,"column":4},"end":{"line":35,"column":5}},"17":{"start":{"line":31,"column":8},"end":{"line":31,"column":76}},"18":{"start":{"line":34,"column":8},"end":{"line":34,"column":20}},"19":{"start":{"line":38,"column":27},"end":{"line":53,"column":1}},"20":{"start":{"line":39,"column":4},"end":{"line":52,"column":5}},"21":{"start":{"line":40,"column":8},"end":{"line":43,"column":9}},"22":{"start":{"line":41,"column":12},"end":{"line":41,"column":42}},"23":{"start":{"line":42,"column":12},"end":{"line":42,"column":19}},"24":{"start":{"line":45,"column":8},"end":{"line":49,"column":11}},"25":{"start":{"line":46,"column":12},"end":{"line":46,"column":41}},"26":{"start":{"line":46,"column":34},"end":{"line":46,"column":41}},"27":{"start":{"line":47,"column":12},"end":{"line":47,"column":36}},"28":{"start":{"line":48,"column":12},"end":{"line":48,"column":35}},"29":{"start":{"line":51,"column":8},"end":{"line":51,"column":20}},"30":{"start":{"line":62,"column":26},"end":{"line":74,"column":1}},"31":{"start":{"line":63,"column":22},"end":{"line":63,"column":58}},"32":{"start":{"line":65,"column":4},"end":{"line":68,"column":5}},"33":{"start":{"line":66,"column":8},"end":{"line":66,"column":71}},"34":{"start":{"line":72,"column":4},"end":{"line":72,"column":64}},"35":{"start":{"line":73,"column":4},"end":{"line":73,"column":43}}},"fnMap":{"0":{"name":"(anonymous_0)","decl":{"start":{"line":3,"column":20},"end":{"line":3,"column":21}},"loc":{"start":{"line":3,"column":26},"end":{"line":17,"column":1}},"line":3},"1":{"name":"(anonymous_1)","decl":{"start":{"line":7,"column":27},"end":{"line":7,"column":28}},"loc":{"start":{"line":7,"column":38},"end":{"line":11,"column":9}},"line":7},"2":{"name":"(anonymous_2)","decl":{"start":{"line":19,"column":24},"end":{"line":19,"column":25}},"loc":{"start":{"line":19,"column":44},"end":{"line":24,"column":1}},"line":19},"3":{"name":"(anonymous_3)","decl":{"start":{"line":28,"column":24},"end":{"line":28,"column":25}},"loc":{"start":{"line":28,"column":44},"end":{"line":36,"column":1}},"line":28},"4":{"name":"(anonymous_4)","decl":{"start":{"line":38,"column":27},"end":{"line":38,"column":28}},"loc":{"start":{"line":38,"column":52},"end":{"line":53,"column":1}},"line":38},"5":{"name":"(anonymous_5)","decl":{"start":{"line":45,"column":39},"end":{"line":45,"column":40}},"loc":{"start":{"line":45,"column":53},"end":{"line":49,"column":9}},"line":45},"6":{"name":"(anonymous_6)","decl":{"start":{"line":62,"column":26},"end":{"line":62,"column":27}},"loc":{"start":{"line":62,"column":52},"end":{"line":74,"column":1}},"line":62}},"branchMap":{"0":{"loc":{"start":{"line":22,"column":4},"end":{"line":22,"column":58}},"type":"if","locations":[{"start":{"line":22,"column":4},"end":{"line":22,"column":58}},{"start":{},"end":{}}],"line":22},"1":{"loc":{"start":{"line":40,"column":8},"end":{"line":43,"column":9}},"type":"if","locations":[{"start":{"line":40,"column":8},"end":{"line":43,"column":9}},{"start":{},"end":{}}],"line":40},"2":{"loc":{"start":{"line":46,"column":12},"end":{"line":46,"column":41}},"type":"if","locations":[{"start":{"line":46,"column":12},"end":{"line":46,"column":41}},{"start":{},"end":{}}],"line":46},"3":{"loc":{"start":{"line":65,"column":4},"end":{"line":68,"column":5}},"type":"if","locations":[{"start":{"line":65,"column":4},"end":{"line":68,"column":5}},{"start":{},"end":{}}],"line":65}},"s":{"0":1,"1":0,"2":0,"3":0,"4":0,"5":0,"6":0,"7":0,"8":0,"9":1,"10":0,"11":0,"12":0,"13":0,"14":0,"15":1,"16":0,"17":0,"18":0,"19":1,"20":0,"21":0,"22":0,"23":0,"24":0,"25":0,"26":0,"27":0,"28":0,"29":0,"30":1,"31":0,"32":0,"33":0,"34":0,"35":0},"f":{"0":0,"1":0,"2":0,"3":0,"4":0,"5":0,"6":0},"b":{"0":[0,0],"1":[0,0],"2":[0,0],"3":[0,0]},"_coverageSchema":"1a1c01bbd47fc00a2c39e90264f33305004495a9","hash":"c2febe97fa5fac73b43f4e4a6d30e83fa0dfa9e4"}
,"D:\\Playground\\TA\\BE\\ta-loans-service\\src\\utils\\responses.js": {"path":"D:\\Playground\\TA\\BE\\ta-loans-service\\src\\utils\\responses.js","statementMap":{"0":{"start":{"line":3,"column":26},"end":{"line":12,"column":1}},"1":{"start":{"line":4,"column":4},"end":{"line":11,"column":7}},"2":{"start":{"line":5,"column":8},"end":{"line":10,"column":10}},"3":{"start":{"line":14,"column":28},"end":{"line":26,"column":1}},"4":{"start":{"line":20,"column":4},"end":{"line":25,"column":6}},"5":{"start":{"line":28,"column":36},"end":{"line":65,"column":1}},"6":{"start":{"line":37,"column":16},"end":{"line":37,"column":49}},"7":{"start":{"line":38,"column":23},"end":{"line":38,"column":48}},"8":{"start":{"line":39,"column":27},"end":{"line":39,"column":35}},"9":{"start":{"line":41,"column":26},"end":{"line":48,"column":5}},"10":{"start":{"line":42,"column":8},"end":{"line":42,"column":70}},"11":{"start":{"line":43,"column":8},"end":{"line":43,"column":36}},"12":{"start":{"line":44,"column":8},"end":{"line":46,"column":9}},"13":{"start":{"line":45,"column":12},"end":{"line":45,"column":98}},"14":{"start":{"line":47,"column":8},"end":{"line":47,"column":66}},"15":{"start":{"line":50,"column":4},"end":{"line":64,"column":6}}},"fnMap":{"0":{"name":"(anonymous_0)","decl":{"start":{"line":3,"column":26},"end":{"line":3,"column":27}},"loc":{"start":{"line":3,"column":36},"end":{"line":12,"column":1}},"line":3},"1":{"name":"(anonymous_1)","decl":{"start":{"line":4,"column":20},"end":{"line":4,"column":21}},"loc":{"start":{"line":4,"column":30},"end":{"line":11,"column":5}},"line":4},"2":{"name":"(anonymous_2)","decl":{"start":{"line":14,"column":28},"end":{"line":14,"column":29}},"loc":{"start":{"line":19,"column":5},"end":{"line":26,"column":1}},"line":19},"3":{"name":"(anonymous_3)","decl":{"start":{"line":28,"column":36},"end":{"line":28,"column":37}},"loc":{"start":{"line":36,"column":5},"end":{"line":65,"column":1}},"line":36},"4":{"name":"(anonymous_4)","decl":{"start":{"line":41,"column":26},"end":{"line":41,"column":27}},"loc":{"start":{"line":41,"column":42},"end":{"line":48,"column":5}},"line":41}},"branchMap":{"0":{"loc":{"start":{"line":15,"column":4},"end":{"line":15,"column":13}},"type":"default-arg","locations":[{"start":{"line":15,"column":11},"end":{"line":15,"column":13}}],"line":15},"1":{"loc":{"start":{"line":16,"column":4},"end":{"line":16,"column":17}},"type":"default-arg","locations":[{"start":{"line":16,"column":13},"end":{"line":16,"column":17}}],"line":16},"2":{"loc":{"start":{"line":17,"column":4},"end":{"line":17,"column":23}},"type":"default-arg","locations":[{"start":{"line":17,"column":14},"end":{"line":17,"column":23}}],"line":17},"3":{"loc":{"start":{"line":18,"column":4},"end":{"line":18,"column":13}},"type":"default-arg","locations":[{"start":{"line":18,"column":11},"end":{"line":18,"column":13}}],"line":18},"4":{"loc":{"start":{"line":33,"column":4},"end":{"line":33,"column":15}},"type":"default-arg","locations":[{"start":{"line":33,"column":11},"end":{"line":33,"column":15}}],"line":33},"5":{"loc":{"start":{"line":34,"column":4},"end":{"line":34,"column":16}},"type":"default-arg","locations":[{"start":{"line":34,"column":12},"end":{"line":34,"column":16}}],"line":34},"6":{"loc":{"start":{"line":35,"column":4},"end":{"line":35,"column":16}},"type":"default-arg","locations":[{"start":{"line":35,"column":12},"end":{"line":35,"column":16}}],"line":35},"7":{"loc":{"start":{"line":42,"column":16},"end":{"line":42,"column":69}},"type":"cond-expr","locations":[{"start":{"line":42,"column":24},"end":{"line":42,"column":64}},{"start":{"line":42,"column":67},"end":{"line":42,"column":69}}],"line":42},"8":{"loc":{"start":{"line":44,"column":8},"end":{"line":46,"column":9}},"type":"if","locations":[{"start":{"line":44,"column":8},"end":{"line":46,"column":9}},{"start":{},"end":{}}],"line":44},"9":{"loc":{"start":{"line":44,"column":12},"end":{"line":44,"column":25}},"type":"binary-expr","locations":[{"start":{"line":44,"column":12},"end":{"line":44,"column":16}},{"start":{"line":44,"column":20},"end":{"line":44,"column":25}}],"line":44},"10":{"loc":{"start":{"line":55,"column":26},"end":{"line":55,"column":74}},"type":"cond-expr","locations":[{"start":{"line":55,"column":39},"end":{"line":55,"column":67}},{"start":{"line":55,"column":70},"end":{"line":55,"column":74}}],"line":55},"11":{"loc":{"start":{"line":56,"column":30},"end":{"line":58,"column":26}},"type":"cond-expr","locations":[{"start":{"line":57,"column":22},"end":{"line":57,"column":50}},{"start":{"line":58,"column":22},"end":{"line":58,"column":26}}],"line":56}},"s":{"0":1,"1":0,"2":0,"3":1,"4":0,"5":1,"6":3,"7":3,"8":3,"9":3,"10":0,"11":0,"12":0,"13":0,"14":0,"15":3},"f":{"0":0,"1":0,"2":0,"3":3,"4":0},"b":{"0":[0],"1":[0],"2":[0],"3":[0],"4":[0],"5":[0],"6":[1],"7":[0,0],"8":[0,0],"9":[0,0],"10":[0,3],"11":[0,3]},"_coverageSchema":"1a1c01bbd47fc00a2c39e90264f33305004495a9","hash":"95469ffa1bba6bbb5faacbe1e822cd1b9a458aba"}
}
