TN:
SF:src\config\index.js
FNF:0
FNH:0
DA:7,1
DA:16,1
DA:18,1
LF:3
LH:3
BRF:0
BRH:0
end_of_record
TN:
SF:src\database\models\loans.models.js
FNF:0
FNH:0
DA:12,1
DA:25,1
DA:27,1
DA:65,1
LF:4
LH:4
BRF:0
BRH:0
end_of_record
TN:
SF:src\database\repository\loans.repo.js
FN:4,(anonymous_0)
FN:12,(anonymous_1)
FN:85,(anonymous_2)
FNF:3
FNH:3
FNDA:3,(anonymous_0)
FNDA:1,(anonymous_1)
FNDA:2,(anonymous_2)
DA:5,3
DA:20,1
DA:21,1
DA:28,1
DA:29,9
DA:32,1
DA:33,1
DA:81,0
DA:92,2
DA:93,2
DA:97,2
DA:98,2
DA:147,0
LF:13
LH:11
BRDA:14,0,0,0
BRDA:15,1,0,0
BRDA:16,2,0,0
BRDA:17,3,0,0
BRDA:18,4,0,0
BRDA:32,5,0,1
BRDA:32,5,1,0
BRDA:87,6,0,0
BRDA:88,7,0,0
BRDA:89,8,0,0
BRDA:90,9,0,0
BRDA:97,10,0,2
BRDA:97,10,1,0
BRF:13
BRH:2
end_of_record
TN:
SF:src\services\getAvailableLoans.js
FN:6,(anonymous_0)
FNF:1
FNH:1
FNDA:3,(anonymous_0)
DA:7,3
DA:8,3
DA:9,3
DA:10,3
DA:11,3
DA:12,3
DA:13,3
DA:15,3
DA:17,3
DA:19,3
DA:20,2
DA:21,2
DA:22,2
DA:23,0
DA:24,0
DA:33,2
DA:34,2
DA:56,2
DA:57,2
DA:59,2
DA:72,1
DA:73,1
DA:74,0
DA:75,0
DA:99,1
DA:103,1
DA:126,1
DA:128,1
DA:129,1
DA:131,1
DA:140,0
LF:31
LH:26
BRDA:9,0,0,3
BRDA:9,0,1,3
BRDA:10,1,0,3
BRDA:10,1,1,3
BRDA:11,2,0,3
BRDA:11,2,1,3
BRDA:12,3,0,3
BRDA:12,3,1,3
BRDA:19,4,0,2
BRDA:19,4,1,1
BRDA:22,5,0,0
BRDA:22,5,1,2
BRDA:73,6,0,0
BRDA:73,6,1,1
BRF:14
BRH:12
end_of_record
TN:
SF:src\tests\setup\db.js
FN:15,(anonymous_0)
FN:24,(anonymous_1)
FN:40,(anonymous_2)
FN:45,(anonymous_3)
FNF:4
FNH:4
FNDA:1,(anonymous_0)
FNDA:1,(anonymous_1)
FNDA:1,(anonymous_2)
FNDA:1,(anonymous_3)
DA:5,1
DA:9,1
DA:15,1
DA:16,1
DA:17,0
DA:19,1
DA:20,1
DA:21,1
DA:24,1
DA:25,1
DA:26,1
DA:27,1
DA:29,1
DA:33,1
DA:34,1
DA:36,0
DA:40,1
DA:41,1
DA:42,1
DA:45,1
DA:46,1
DA:48,1
DA:49,1
DA:50,1
LF:24
LH:22
BRDA:16,0,0,0
BRDA:16,0,1,1
BRF:2
BRH:1
end_of_record
TN:
SF:src\tests\setup\seeds\loans.seed.js
FNF:0
FNH:0
DA:3,1
LF:1
LH:1
BRF:0
BRH:0
end_of_record
TN:
SF:src\tests\setup\seeds\users.seed.js
FNF:0
FNH:0
DA:2,1
LF:1
LH:1
BRF:0
BRH:0
end_of_record
TN:
SF:src\utils\redis.js
FN:3,(anonymous_0)
FN:7,(anonymous_1)
FN:19,(anonymous_2)
FN:28,(anonymous_3)
FN:38,(anonymous_4)
FN:45,(anonymous_5)
FN:62,(anonymous_6)
FNF:7
FNH:0
FNDA:0,(anonymous_0)
FNDA:0,(anonymous_1)
FNDA:0,(anonymous_2)
FNDA:0,(anonymous_3)
FNDA:0,(anonymous_4)
FNDA:0,(anonymous_5)
FNDA:0,(anonymous_6)
DA:3,1
DA:4,0
DA:5,0
DA:7,0
DA:8,0
DA:9,0
DA:12,0
DA:14,0
DA:15,0
DA:19,1
DA:20,0
DA:21,0
DA:22,0
DA:23,0
DA:28,1
DA:29,0
DA:31,0
DA:34,0
DA:38,1
DA:39,0
DA:40,0
DA:41,0
DA:42,0
DA:45,0
DA:46,0
DA:47,0
DA:48,0
DA:51,0
DA:62,1
DA:63,0
DA:65,0
DA:66,0
DA:72,0
DA:73,0
LF:34
LH:5
BRDA:22,0,0,0
BRDA:22,0,1,0
BRDA:40,1,0,0
BRDA:40,1,1,0
BRDA:46,2,0,0
BRDA:46,2,1,0
BRDA:65,3,0,0
BRDA:65,3,1,0
BRF:8
BRH:0
end_of_record
TN:
SF:src\utils\responses.js
FN:3,(anonymous_0)
FN:4,(anonymous_1)
FN:14,(anonymous_2)
FN:28,(anonymous_3)
FN:41,(anonymous_4)
FNF:5
FNH:1
FNDA:0,(anonymous_0)
FNDA:0,(anonymous_1)
FNDA:0,(anonymous_2)
FNDA:3,(anonymous_3)
FNDA:0,(anonymous_4)
DA:3,1
DA:4,0
DA:5,0
DA:14,1
DA:20,0
DA:28,1
DA:37,3
DA:38,3
DA:39,3
DA:41,3
DA:42,0
DA:43,0
DA:44,0
DA:45,0
DA:47,0
DA:50,3
LF:16
LH:8
BRDA:15,0,0,0
BRDA:16,1,0,0
BRDA:17,2,0,0
BRDA:18,3,0,0
BRDA:33,4,0,0
BRDA:34,5,0,0
BRDA:35,6,0,1
BRDA:42,7,0,0
BRDA:42,7,1,0
BRDA:44,8,0,0
BRDA:44,8,1,0
BRDA:44,9,0,0
BRDA:44,9,1,0
BRDA:55,10,0,0
BRDA:55,10,1,3
BRDA:56,11,0,0
BRDA:56,11,1,3
BRF:17
BRH:3
end_of_record
